0 info it worked if it ends with ok
1 verbose cli [ 'C:\\Program Files (x86)\\nodejs\\\\node.exe',
1 verbose cli   'C:\\Program Files (x86)\\nodejs\\node_modules\\npm\\bin\\npm-cli.js',
1 verbose cli   'install',
1 verbose cli   'mongoose@4.2',
1 verbose cli   '--save' ]
2 info using npm@2.7.4
3 info using node@v0.12.2
4 verbose node symlink C:\Program Files (x86)\nodejs\\node.exe
5 warn package.json webServer@1.0.0 No description
6 warn package.json webServer@1.0.0 No repository field.
7 warn package.json webServer@1.0.0 No README data
8 silly cache add args [ 'mongoose@4.2', null ]
9 verbose cache add spec mongoose@4.2
10 silly cache add parsed spec { raw: 'mongoose@4.2',
10 silly cache add   scope: null,
10 silly cache add   name: 'mongoose',
10 silly cache add   rawSpec: '4.2',
10 silly cache add   spec: '>=4.2.0 <4.3.0',
10 silly cache add   type: 'range' }
11 verbose addNamed mongoose@>=4.2.0 <4.3.0
12 silly addNamed semver.valid null
13 silly addNamed semver.validRange >=4.2.0 <4.3.0
14 silly addNameRange { name: 'mongoose', range: '>=4.2.0 <4.3.0', hasData: false }
15 silly mapToRegistry name mongoose
16 silly mapToRegistry using default registry
17 silly mapToRegistry registry https://registry.npmjs.org/
18 silly mapToRegistry uri https://registry.npmjs.org/mongoose
19 verbose addNameRange registry:https://registry.npmjs.org/mongoose not in flight; fetching
20 verbose request uri https://registry.npmjs.org/mongoose
21 verbose request no auth needed
22 info attempt registry request try #1 at 17:16:38
23 verbose request id 2bf6b595009dcf94
24 verbose etag "ACPGGW2XA17GAHHFZVRVK6229"
25 http request GET https://registry.npmjs.org/mongoose
26 http 200 https://registry.npmjs.org/mongoose
27 silly get cb [ 200,
27 silly get   { server: 'CouchDB/1.5.0 (Erlang OTP/R16B03)',
27 silly get     etag: '"44F2TMFS7UICQWNWGJAFZ92OA"',
27 silly get     'content-type': 'application/json',
27 silly get     'cache-control': 'max-age=60',
27 silly get     'content-length': '326840',
27 silly get     'accept-ranges': 'bytes',
27 silly get     date: 'Sun, 07 Jun 2015 14:16:39 GMT',
27 silly get     via: '1.1 varnish',
27 silly get     age: '0',
27 silly get     connection: 'keep-alive',
27 silly get     'x-served-by': 'cache-ams4127-AMS',
27 silly get     'x-cache': 'HIT',
27 silly get     'x-cache-hits': '1',
27 silly get     'x-timer': 'S1433686599.490389,VS0,VE164',
27 silly get     vary: 'Accept' } ]
28 verbose get saving mongoose to C:\Users\Tomer\AppData\Roaming\npm-cache\registry.npmjs.org\mongoose\.cache.json
29 silly addNameRange number 2 { name: 'mongoose', range: '>=4.2.0 <4.3.0', hasData: true }
30 silly addNameRange versions [ 'mongoose',
30 silly addNameRange   [ '0.0.1',
30 silly addNameRange     '0.0.2',
30 silly addNameRange     '0.0.3',
30 silly addNameRange     '0.0.4',
30 silly addNameRange     '0.0.5',
30 silly addNameRange     '1.0.0',
30 silly addNameRange     '1.0.1',
30 silly addNameRange     '1.0.2',
30 silly addNameRange     '0.0.6',
30 silly addNameRange     '1.0.3',
30 silly addNameRange     '1.0.4',
30 silly addNameRange     '1.0.5',
30 silly addNameRange     '1.0.6',
30 silly addNameRange     '1.0.7',
30 silly addNameRange     '1.0.8',
30 silly addNameRange     '1.0.10',
30 silly addNameRange     '1.0.11',
30 silly addNameRange     '1.0.12',
30 silly addNameRange     '1.0.13',
30 silly addNameRange     '1.0.14',
30 silly addNameRange     '1.0.15',
30 silly addNameRange     '1.0.16',
30 silly addNameRange     '1.1.0',
30 silly addNameRange     '1.1.1',
30 silly addNameRange     '1.1.2',
30 silly addNameRange     '1.1.3',
30 silly addNameRange     '1.1.4',
30 silly addNameRange     '1.1.5',
30 silly addNameRange     '1.1.6',
30 silly addNameRange     '1.1.7',
30 silly addNameRange     '1.1.8',
30 silly addNameRange     '1.1.9',
30 silly addNameRange     '1.1.10',
30 silly addNameRange     '1.1.11',
30 silly addNameRange     '1.1.12',
30 silly addNameRange     '1.1.13',
30 silly addNameRange     '1.1.14',
30 silly addNameRange     '1.1.15',
30 silly addNameRange     '1.1.16',
30 silly addNameRange     '1.1.17',
30 silly addNameRange     '1.1.18',
30 silly addNameRange     '1.1.19',
30 silly addNameRange     '1.1.20',
30 silly addNameRange     '1.1.21',
30 silly addNameRange     '1.1.22',
30 silly addNameRange     '1.1.23',
30 silly addNameRange     '1.1.24',
30 silly addNameRange     '1.1.25',
30 silly addNameRange     '1.2.0',
30 silly addNameRange     '1.3.0',
30 silly addNameRange     '1.3.1',
30 silly addNameRange     '1.3.2',
30 silly addNameRange     '1.3.3',
30 silly addNameRange     '1.3.4',
30 silly addNameRange     '1.3.5',
30 silly addNameRange     '1.3.6',
30 silly addNameRange     '1.3.7',
30 silly addNameRange     '1.4.0',
30 silly addNameRange     '1.5.0',
30 silly addNameRange     '1.6.0',
30 silly addNameRange     '1.7.2',
30 silly addNameRange     '1.7.3',
30 silly addNameRange     '1.7.4',
30 silly addNameRange     '1.8.0',
30 silly addNameRange     '1.8.1',
30 silly addNameRange     '1.8.2',
30 silly addNameRange     '1.8.3',
30 silly addNameRange     '1.8.4',
30 silly addNameRange     '2.0.0',
30 silly addNameRange     '2.0.1',
30 silly addNameRange     '2.0.2',
30 silly addNameRange     '2.0.3',
30 silly addNameRange     '2.0.4',
30 silly addNameRange     '2.1.0',
30 silly addNameRange     '2.1.1',
30 silly addNameRange     '2.1.2',
30 silly addNameRange     '2.1.3',
30 silly addNameRange     '2.1.4',
30 silly addNameRange     '2.2.0',
30 silly addNameRange     '2.2.1',
30 silly addNameRange     '2.2.2',
30 silly addNameRange     '2.2.3',
30 silly addNameRange     '2.2.4',
30 silly addNameRange     '2.3.0',
30 silly addNameRange     '2.3.1',
30 silly addNameRange     '2.3.2',
30 silly addNameRange     '2.3.3',
30 silly addNameRange     '2.3.4',
30 silly addNameRange     '2.3.5',
30 silly addNameRange     '2.3.6',
30 silly addNameRange     '2.3.7',
30 silly addNameRange     '2.3.8',
30 silly addNameRange     '2.3.9',
30 silly addNameRange     '2.3.10',
30 silly addNameRange     '2.3.11',
30 silly addNameRange     '2.3.12',
30 silly addNameRange     '2.3.13',
30 silly addNameRange     '2.4.0',
30 silly addNameRange     '2.4.1',
30 silly addNameRange     '2.4.2',
30 silly addNameRange     '2.4.3',
30 silly addNameRange     '2.4.4',
30 silly addNameRange     '2.4.5',
30 silly addNameRange     '2.4.6',
30 silly addNameRange     '2.4.7',
30 silly addNameRange     '2.4.8',
30 silly addNameRange     '2.4.9',
30 silly addNameRange     '2.4.10',
30 silly addNameRange     '2.5.0',
30 silly addNameRange     '2.5.1',
30 silly addNameRange     '2.5.2',
30 silly addNameRange     '2.5.3',
30 silly addNameRange     '2.5.4',
30 silly addNameRange     '2.5.5',
30 silly addNameRange     '2.5.6',
30 silly addNameRange     '2.5.7',
30 silly addNameRange     '2.5.8',
30 silly addNameRange     '2.5.9',
30 silly addNameRange     '2.5.10',
30 silly addNameRange     '2.5.11',
30 silly addNameRange     '2.5.12',
30 silly addNameRange     '2.5.13',
30 silly addNameRange     '2.5.14',
30 silly addNameRange     '2.6.0',
30 silly addNameRange     '2.6.1',
30 silly addNameRange     '2.6.2',
30 silly addNameRange     '2.6.3',
30 silly addNameRange     '2.6.4',
30 silly addNameRange     '2.6.5',
30 silly addNameRange     '2.6.6',
30 silly addNameRange     '2.6.7',
30 silly addNameRange     '2.6.8',
30 silly addNameRange     '2.7.0',
30 silly addNameRange     '2.7.1',
30 silly addNameRange     '2.7.2',
30 silly addNameRange     '2.7.4',
30 silly addNameRange     '2.7.3',
30 silly addNameRange     '3.0.0',
30 silly addNameRange     '3.0.1',
30 silly addNameRange     '3.0.2',
30 silly addNameRange     '2.8.0',
30 silly addNameRange     '3.0.3',
30 silly addNameRange     '3.1.0',
30 silly addNameRange     '2.8.1',
30 silly addNameRange     '3.1.1',
30 silly addNameRange     '2.8.2',
30 silly addNameRange     '2.8.3',
30 silly addNameRange     '2.9.0',
30 silly addNameRange     '3.2.0',
30 silly addNameRange     '2.9.1',
30 silly addNameRange     '3.2.1',
30 silly addNameRange     '2.9.2',
30 silly addNameRange     '3.2.2',
30 silly addNameRange     '3.3.0',
30 silly addNameRange     '3.3.1',
30 silly addNameRange     '2.9.3',
30 silly addNameRange     '3.4.0',
30 silly addNameRange     '2.9.4',
30 silly addNameRange     '2.9.5',
30 silly addNameRange     '3.5.0',
30 silly addNameRange     '3.5.1',
30 silly addNameRange     '3.5.2',
30 silly addNameRange     '3.5.3',
30 silly addNameRange     '2.9.6',
30 silly addNameRange     '2.9.7',
30 silly addNameRange     '3.5.4',
30 silly addNameRange     '3.5.5',
30 silly addNameRange     '2.9.8',
30 silly addNameRange     '2.9.9',
30 silly addNameRange     '3.5.6',
30 silly addNameRange     '3.5.7',
30 silly addNameRange     '3.5.8',
30 silly addNameRange     '2.9.10',
30 silly addNameRange     '3.5.9',
30 silly addNameRange     '3.6.2',
30 silly addNameRange     '3.5.10',
30 silly addNameRange     '3.6.3',
30 silly addNameRange     '3.5.11',
30 silly addNameRange     '3.6.4',
30 silly addNameRange     '3.6.5',
30 silly addNameRange     '3.6.6',
30 silly addNameRange     '3.6.7',
30 silly addNameRange     '3.5.12',
30 silly addNameRange     '3.6.8',
30 silly addNameRange     '3.6.9',
30 silly addNameRange     '3.6.10',
30 silly addNameRange     '3.5.13',
30 silly addNameRange     '3.5.14',
30 silly addNameRange     '3.6.11',
30 silly addNameRange     '3.6.12',
30 silly addNameRange     '3.6.13',
30 silly addNameRange     '3.6.14',
30 silly addNameRange     '3.6.15',
30 silly addNameRange     '3.5.15',
30 silly addNameRange     '3.7.0',
30 silly addNameRange     '3.6.16',
30 silly addNameRange     '3.5.16',
30 silly addNameRange     '3.6.17',
30 silly addNameRange     '3.7.2',
30 silly addNameRange     '3.0.0-alpha1',
30 silly addNameRange     '3.0.0-alpha2',
30 silly addNameRange     '3.0.0-rc0',
30 silly addNameRange     '3.6.0-rc0',
30 silly addNameRange     '3.6.0-rc1',
30 silly addNameRange     '3.6.18',
30 silly addNameRange     '3.7.3',
30 silly addNameRange     '3.6.19',
30 silly addNameRange     '3.6.20',
30 silly addNameRange     '3.7.4',
30 silly addNameRange     '3.8.0',
30 silly addNameRange     '3.8.1',
30 silly addNameRange     '3.8.2',
30 silly addNameRange     '3.8.3',
30 silly addNameRange     '3.8.4',
30 silly addNameRange     '3.8.5',
30 silly addNameRange     '3.8.6',
30 silly addNameRange     '3.8.7',
30 silly addNameRange     '3.8.8',
30 silly addNameRange     '3.8.9',
30 silly addNameRange     '3.8.10',
30 silly addNameRange     '3.8.11',
30 silly addNameRange     '3.9.0',
30 silly addNameRange     '3.8.12',
30 silly addNameRange     '3.8.13',
30 silly addNameRange     '3.8.14',
30 silly addNameRange     '3.8.15',
30 silly addNameRange     '3.9.1',
30 silly addNameRange     '3.8.16',
30 silly addNameRange     '3.9.2',
30 silly addNameRange     '3.8.17',
30 silly addNameRange     '3.9.3',
30 silly addNameRange     '3.8.18',
30 silly addNameRange     '3.9.4',
30 silly addNameRange     '3.8.19',
30 silly addNameRange     '3.9.5',
30 silly addNameRange     '3.8.20',
30 silly addNameRange     '3.9.6',
30 silly addNameRange     '3.8.21',
30 silly addNameRange     '3.9.7',
30 silly addNameRange     '3.8.22',
30 silly addNameRange     '4.0.0-rc0',
30 silly addNameRange     '4.0.0-rc1',
30 silly addNameRange     '3.8.23',
30 silly addNameRange     '4.0.0-rc2',
30 silly addNameRange     '3.8.24',
30 silly addNameRange     '4.0.0-rc3',
30 silly addNameRange     '3.8.25',
30 silly addNameRange     '4.0.0-rc4',
30 silly addNameRange     '4.0.0',
30 silly addNameRange     '4.0.1',
30 silly addNameRange     '3.8.26',
30 silly addNameRange     '3.8.27',
30 silly addNameRange     '4.0.2',
30 silly addNameRange     '3.8.28',
30 silly addNameRange     '4.0.3',
30 silly addNameRange     '3.8.29',
30 silly addNameRange     '4.0.4',
30 silly addNameRange     '3.8.30',
30 silly addNameRange     '4.0.5' ] ]
31 verbose stack Error: No compatible version found: mongoose@'>=4.2.0 <4.3.0'
31 verbose stack Valid install targets:
31 verbose stack ["0.0.1","0.0.2","0.0.3","0.0.4","0.0.5","1.0.0","1.0.1","1.0.2","0.0.6","1.0.3","1.0.4","1.0.5","1.0.6","1.0.7","1.0.8","1.0.10","1.0.11","1.0.12","1.0.13","1.0.14","1.0.15","1.0.16","1.1.0","1.1.1","1.1.2","1.1.3","1.1.4","1.1.5","1.1.6","1.1.7","1.1.8","1.1.9","1.1.10","1.1.11","1.1.12","1.1.13","1.1.14","1.1.15","1.1.16","1.1.17","1.1.18","1.1.19","1.1.20","1.1.21","1.1.22","1.1.23","1.1.24","1.1.25","1.2.0","1.3.0","1.3.1","1.3.2","1.3.3","1.3.4","1.3.5","1.3.6","1.3.7","1.4.0","1.5.0","1.6.0","1.7.2","1.7.3","1.7.4","1.8.0","1.8.1","1.8.2","1.8.3","1.8.4","2.0.0","2.0.1","2.0.2","2.0.3","2.0.4","2.1.0","2.1.1","2.1.2","2.1.3","2.1.4","2.2.0","2.2.1","2.2.2","2.2.3","2.2.4","2.3.0","2.3.1","2.3.2","2.3.3","2.3.4","2.3.5","2.3.6","2.3.7","2.3.8","2.3.9","2.3.10","2.3.11","2.3.12","2.3.13","2.4.0","2.4.1","2.4.2","2.4.3","2.4.4","2.4.5","2.4.6","2.4.7","2.4.8","2.4.9","2.4.10","2.5.0","2.5.1","2.5.2","2.5.3","2.5.4","2.5.5","2.5.6","2.5.7","2.5.8","2.5.9","2.5.10","2.5.11","2.5.12","2.5.13","2.5.14","2.6.0","2.6.1","2.6.2","2.6.3","2.6.4","2.6.5","2.6.6","2.6.7","2.6.8","2.7.0","2.7.1","2.7.2","2.7.4","2.7.3","3.0.0","3.0.1","3.0.2","2.8.0","3.0.3","3.1.0","2.8.1","3.1.1","2.8.2","2.8.3","2.9.0","3.2.0","2.9.1","3.2.1","2.9.2","3.2.2","3.3.0","3.3.1","2.9.3","3.4.0","2.9.4","2.9.5","3.5.0","3.5.1","3.5.2","3.5.3","2.9.6","2.9.7","3.5.4","3.5.5","2.9.8","2.9.9","3.5.6","3.5.7","3.5.8","2.9.10","3.5.9","3.6.2","3.5.10","3.6.3","3.5.11","3.6.4","3.6.5","3.6.6","3.6.7","3.5.12","3.6.8","3.6.9","3.6.10","3.5.13","3.5.14","3.6.11","3.6.12","3.6.13","3.6.14","3.6.15","3.5.15","3.7.0","3.6.16","3.5.16","3.6.17","3.7.2","3.0.0-alpha1","3.0.0-alpha2","3.0.0-rc0","3.6.0-rc0","3.6.0-rc1","3.6.18","3.7.3","3.6.19","3.6.20","3.7.4","3.8.0","3.8.1","3.8.2","3.8.3","3.8.4","3.8.5","3.8.6","3.8.7","3.8.8","3.8.9","3.8.10","3.8.11","3.9.0","3.8.12","3.8.13","3.8.14","3.8.15","3.9.1","3.8.16","3.9.2","3.8.17","3.9.3","3.8.18","3.9.4","3.8.19","3.9.5","3.8.20","3.9.6","3.8.21","3.9.7","3.8.22","4.0.0-rc0","4.0.0-rc1","3.8.23","4.0.0-rc2","3.8.24","4.0.0-rc3","3.8.25","4.0.0-rc4","4.0.0","4.0.1","3.8.26","3.8.27","4.0.2","3.8.28","4.0.3","3.8.29","4.0.4","3.8.30","4.0.5"]
31 verbose stack
31 verbose stack     at installTargetsError (C:\Program Files (x86)\nodejs\node_modules\npm\lib\cache\add-named.js:259:12)
31 verbose stack     at next (C:\Program Files (x86)\nodejs\node_modules\npm\lib\cache\add-named.js:238:17)
31 verbose stack     at setData (C:\Program Files (x86)\nodejs\node_modules\npm\lib\cache\add-named.js:215:5)
31 verbose stack     at RES (C:\Program Files (x86)\nodejs\node_modules\npm\node_modules\inflight\inflight.js:23:14)
31 verbose stack     at f (C:\Program Files (x86)\nodejs\node_modules\npm\node_modules\once\once.js:17:25)
31 verbose stack     at saved (C:\Program Files (x86)\nodejs\node_modules\npm\lib\cache\caching-client.js:173:7)
31 verbose stack     at FSReqWrap.oncomplete (fs.js:95:15)
32 verbose cwd C:\Users\Tomer\Desktop\fullMeanStuck\app
33 error Windows_NT 6.1.7601
34 error argv "C:\\Program Files (x86)\\nodejs\\\\node.exe" "C:\\Program Files (x86)\\nodejs\\node_modules\\npm\\bin\\npm-cli.js" "install" "mongoose@4.2" "--save"
35 error node v0.12.2
36 error npm  v2.7.4
37 error code ETARGET
38 error notarget No compatible version found: mongoose@'>=4.2.0 <4.3.0'
38 error notarget Valid install targets:
38 error notarget ["0.0.1","0.0.2","0.0.3","0.0.4","0.0.5","1.0.0","1.0.1","1.0.2","0.0.6","1.0.3","1.0.4","1.0.5","1.0.6","1.0.7","1.0.8","1.0.10","1.0.11","1.0.12","1.0.13","1.0.14","1.0.15","1.0.16","1.1.0","1.1.1","1.1.2","1.1.3","1.1.4","1.1.5","1.1.6","1.1.7","1.1.8","1.1.9","1.1.10","1.1.11","1.1.12","1.1.13","1.1.14","1.1.15","1.1.16","1.1.17","1.1.18","1.1.19","1.1.20","1.1.21","1.1.22","1.1.23","1.1.24","1.1.25","1.2.0","1.3.0","1.3.1","1.3.2","1.3.3","1.3.4","1.3.5","1.3.6","1.3.7","1.4.0","1.5.0","1.6.0","1.7.2","1.7.3","1.7.4","1.8.0","1.8.1","1.8.2","1.8.3","1.8.4","2.0.0","2.0.1","2.0.2","2.0.3","2.0.4","2.1.0","2.1.1","2.1.2","2.1.3","2.1.4","2.2.0","2.2.1","2.2.2","2.2.3","2.2.4","2.3.0","2.3.1","2.3.2","2.3.3","2.3.4","2.3.5","2.3.6","2.3.7","2.3.8","2.3.9","2.3.10","2.3.11","2.3.12","2.3.13","2.4.0","2.4.1","2.4.2","2.4.3","2.4.4","2.4.5","2.4.6","2.4.7","2.4.8","2.4.9","2.4.10","2.5.0","2.5.1","2.5.2","2.5.3","2.5.4","2.5.5","2.5.6","2.5.7","2.5.8","2.5.9","2.5.10","2.5.11","2.5.12","2.5.13","2.5.14","2.6.0","2.6.1","2.6.2","2.6.3","2.6.4","2.6.5","2.6.6","2.6.7","2.6.8","2.7.0","2.7.1","2.7.2","2.7.4","2.7.3","3.0.0","3.0.1","3.0.2","2.8.0","3.0.3","3.1.0","2.8.1","3.1.1","2.8.2","2.8.3","2.9.0","3.2.0","2.9.1","3.2.1","2.9.2","3.2.2","3.3.0","3.3.1","2.9.3","3.4.0","2.9.4","2.9.5","3.5.0","3.5.1","3.5.2","3.5.3","2.9.6","2.9.7","3.5.4","3.5.5","2.9.8","2.9.9","3.5.6","3.5.7","3.5.8","2.9.10","3.5.9","3.6.2","3.5.10","3.6.3","3.5.11","3.6.4","3.6.5","3.6.6","3.6.7","3.5.12","3.6.8","3.6.9","3.6.10","3.5.13","3.5.14","3.6.11","3.6.12","3.6.13","3.6.14","3.6.15","3.5.15","3.7.0","3.6.16","3.5.16","3.6.17","3.7.2","3.0.0-alpha1","3.0.0-alpha2","3.0.0-rc0","3.6.0-rc0","3.6.0-rc1","3.6.18","3.7.3","3.6.19","3.6.20","3.7.4","3.8.0","3.8.1","3.8.2","3.8.3","3.8.4","3.8.5","3.8.6","3.8.7","3.8.8","3.8.9","3.8.10","3.8.11","3.9.0","3.8.12","3.8.13","3.8.14","3.8.15","3.9.1","3.8.16","3.9.2","3.8.17","3.9.3","3.8.18","3.9.4","3.8.19","3.9.5","3.8.20","3.9.6","3.8.21","3.9.7","3.8.22","4.0.0-rc0","4.0.0-rc1","3.8.23","4.0.0-rc2","3.8.24","4.0.0-rc3","3.8.25","4.0.0-rc4","4.0.0","4.0.1","3.8.26","3.8.27","4.0.2","3.8.28","4.0.3","3.8.29","4.0.4","3.8.30","4.0.5"]
38 error notarget
38 error notarget This is most likely not a problem with npm itself.
38 error notarget In most cases you or one of your dependencies are requesting
38 error notarget a package version that doesn't exist.
38 error notarget
38 error notarget It was specified as a dependency of 'webServer'
39 verbose exit [ 1, true ]
